<?xml version="1.0" encoding="UTF-8"?>
<!-- Generated by org.testng.reporters.JUnitReportReporter -->
<testsuite hostname="LIN80030175" failures="0" tests="1" name="testCases.TestGoogleSearch" time="8.340" errors="0" timestamp="15 Nov 2021 04:42:05 GMT" skipped="0">
  <testcase classname="testCases.TestGoogleSearch" name="GoogleSearch" time="8.340"/>
</testsuite> <!-- testCases.TestGoogleSearch -->
